TN:
SF:src/App.css
FNF:0
FNH:0
LF:0
LH:0
BRF:0
BRH:0
end_of_record
TN:
SF:src/App.jsx
FN:4,App
FNF:1
FNH:1
FNDA:4,App
DA:5,4
LF:1
LH:1
BRF:0
BRH:0
end_of_record
TN:
SF:src/components/ZCalculator.jsx
FN:4,ZCalculator
FN:9,(anonymous_1)
FN:30,(anonymous_2)
FNF:3
FNH:3
FNDA:17,ZCalculator
FNDA:2,(anonymous_1)
FNDA:6,(anonymous_2)
DA:5,17
DA:6,17
DA:7,17
DA:9,17
DA:10,2
DA:11,2
DA:13,1
DA:14,1
DA:16,1
DA:17,1
DA:20,17
DA:30,6
LF:12
LH:12
BRDA:11,0,0,1
BRDA:11,0,1,1
BRDA:38,1,0,17
BRDA:38,1,1,1
BRF:4
BRH:4
end_of_record
TN:
SF:src/utils/zCalculator.js
FN:3,calculatePValues
FN:20,formatPValue
FN:25,validateZScore
FNF:3
FNH:3
FNDA:7,calculatePValues
FNDA:3,formatPValue
FNDA:5,validateZScore
DA:4,7
DA:5,7
DA:6,2
DA:10,5
DA:11,5
DA:13,5
DA:21,3
DA:22,1
DA:26,5
DA:28,4
DA:29,4
DA:31,3
DA:33,2
LF:13
LH:13
BRDA:5,0,0,2
BRDA:5,0,1,5
BRDA:21,1,0,2
BRDA:21,1,1,1
BRDA:21,2,0,3
BRDA:21,2,1,2
BRDA:26,3,0,1
BRDA:26,3,1,4
BRDA:29,4,0,1
BRDA:29,4,1,3
BRDA:31,5,0,1
BRDA:31,5,1,2
BRDA:31,6,0,3
BRDA:31,6,1,3
BRF:14
BRH:14
end_of_record
